      No     Day     Mon    Year     Qobs_0000003     Qsim_0000003
       1       1       1    2012        1.1800000        1.3383477
       2       2       1    2012        1.4100000        1.4378844
       3       3       1    2012        1.4400000        1.6406597
       4       4       1    2012        1.5700000        2.8241821
       5       5       1    2012        5.4600000        3.7981663
       6       6       1    2012        6.0500000        3.3824678
       7       7       1    2012        4.5400000        3.3715766
       8       8       1    2012        4.1100000        3.3911307
       9       9       1    2012        3.7000000        3.4847997
      10      10       1    2012        3.3500000        3.0111907
      11      11       1    2012        3.0100000        2.6420827
      12      12       1    2012        2.6600000        2.7360626
      13      13       1    2012        2.4600000        2.7768866
      14      14       1    2012        2.1900000        2.4469389
      15      15       1    2012        1.9300000        2.1185175
      16      16       1    2012        1.7300000        1.8420165
      17      17       1    2012        1.6200000        1.6137239
      18      18       1    2012        1.4600000        1.4242411
      19      19       1    2012        1.4500000        1.8276551
      20      20       1    2012        1.5500000        1.6844900
      21      21       1    2012        1.3800000        2.5081973
      22      22       1    2012        1.7500000        3.3248085
      23      23       1    2012        2.8700000        3.3446240
      24      24       1    2012        2.7200000        2.9227793
      25      25       1    2012        2.4900000        2.5041697
      26      26       1    2012        2.2000000        2.1599607
      27      27       1    2012        1.9500000        1.8799053
      28      28       1    2012        1.7700000        1.6496100
      29      29       1    2012        1.5900000        1.4582260
      30      30       1    2012        1.3400000        1.2977114
      31      31       1    2012        1.1400000        1.1619889
      32       1       2    2012        0.8800000        1.0463927
      33       2       2    2012        0.7200000        0.9472925
      34       3       2    2012        0.6500000        0.8618301
      35       4       2    2012        0.6600000        0.7877310
      36       5       2    2012        0.7000000        0.7231681
      37       6       2    2012        0.6500000        0.6666601
      38       7       2    2012        0.5600000        0.6169966
      39       8       2    2012        0.5500000        0.5731810
      40       9       2    2012        0.5100000        0.5343873
      41      10       2    2012        0.5100000        0.4999261
      42      11       2    2012        0.5100000        0.4692193
      43      12       2    2012        0.4800000        0.4417786
      44      13       2    2012        0.5100000        0.4171904
      45      14       2    2012        0.5100000        0.3951018
      46      15       2    2012        0.5100000        0.3850746
      47      16       2    2012        0.5100000        0.3668838
      48      17       2    2012        0.5300000        0.8405888
      49      18       2    2012        0.6500000        1.2016581
      50      19       2    2012        1.0000000        1.2754259
      51      20       2    2012        0.8700000        1.1659873
      52      21       2    2012        0.7100000        1.0635762
      53      22       2    2012        0.6400000        0.9962538
      54      23       2    2012        0.6700000        1.0806023
      55      24       2    2012        0.9400000        1.0837939
      56      25       2    2012        0.9900000        0.9936598
      57      26       2    2012        0.9000000        0.9624180
      58      27       2    2012        0.8500000        0.9222650
      59      28       2    2012        0.8300000        0.8921823
      60      29       2    2012        0.8600000        0.8241130
      61       1       3    2012        0.8900000        0.7535392
      62       2       3    2012        0.8500000        0.6904844
      63       3       3    2012        0.8200000        0.6354192
      64       4       3    2012        0.7600000        0.5873111
      65       5       3    2012        0.7500000        0.5451213
      66       6       3    2012        0.7000000        0.5079739
      67       7       3    2012        0.6500000        0.6203391
      68       8       3    2012        0.7400000        0.6168828
      69       9       3    2012        0.7100000        0.5791575
      70      10       3    2012        0.6500000        0.5437593
      71      11       3    2012        0.6300000        0.5117886
      72      12       3    2012        0.6100000        0.4815360
      73      13       3    2012        0.5700000        0.4526802
      74      14       3    2012        0.5100000        0.4260699
      75      15       3    2012        0.5100000        0.4021698
      76      16       3    2012        0.4700000        0.3807853
      77      17       3    2012        0.4600000        0.3616191
      78      18       3    2012        0.4600000        0.3590265
      79      19       3    2012        0.4500000        0.3459855
      80      20       3    2012        0.4200000        0.3309985
      81      21       3    2012        0.4200000        0.3168559
      82      22       3    2012        0.3900000        0.3039727
      83      23       3    2012        0.3500000        0.2922849
      84      24       3    2012        0.3400000        0.2816693
      85      25       3    2012        0.3000000        0.2720094
      86      26       3    2012        0.2800000        0.2632028
      87      27       3    2012        0.2400000        0.2551595
      88      28       3    2012        0.2200000        0.2478004
      89      29       3    2012        0.2400000        0.2554781
      90      30       3    2012        0.2400000        0.2599247
      91      31       3    2012        0.2400000        0.2645337
      92       1       4    2012        0.2400000        0.2591661
      93       2       4    2012        0.2400000        0.2517841
      94       3       4    2012        0.2400000        0.3115013
      95       4       4    2012        0.2700000        0.3013917
      96       5       4    2012        0.2700000        0.2892658
      97       6       4    2012        0.2600000        0.2795564
      98       7       4    2012        0.2400000        0.2703785
      99       8       4    2012        0.2400000        0.2614631
     100       9       4    2012        0.2400000        0.2933957
     101      10       4    2012        0.2400000        0.2921026
     102      11       4    2012        0.2400000        0.2917049
     103      12       4    2012        0.2400000        0.2970758
     104      13       4    2012        0.2400000        0.2901389
     105      14       4    2012        0.2400000        0.2799598
     106      15       4    2012        0.2200000        0.2699475
     107      16       4    2012        0.2100000        0.2607440
     108      17       4    2012        0.2000000        0.2523692
     109      18       4    2012        0.1900000        0.2447427
     110      19       4    2012        0.1900000        0.2388153
     111      20       4    2012        0.1900000        0.2330764
     112      21       4    2012        0.1900000        0.2351449
     113      22       4    2012        0.1900000        0.2743468
     114      23       4    2012        0.2100000        0.2679941
     115      24       4    2012        0.2000000        0.2587480
     116      25       4    2012        0.1700000        0.2502713
     117      26       4    2012        0.1700000        0.2426091
     118      27       4    2012        0.1700000        0.2356426
     119      28       4    2012        0.1700000        0.2292883
     120      29       4    2012        0.1700000        0.2234797
     121      30       4    2012        0.1500000        0.2181597
     122       1       5    2012        0.1500000        0.2132783
     123       2       5    2012        0.1500000        0.3550379
     124       3       5    2012        0.2900000        0.2816602
     125       4       5    2012        0.2100000        0.2530711
     126       5       5    2012        0.2300000        0.4356382
     127       6       5    2012        0.4200000        0.3481252
     128       7       5    2012        0.3200000        0.3131545
     129       8       5    2012        0.2800000        0.2956490
     130       9       5    2012        0.2500000        0.2860620
     131      10       5    2012        0.2600000        0.2753233
     132      11       5    2012        0.2500000        0.2787723
     133      12       5    2012        0.2500000        0.2721206
     134      13       5    2012        0.2200000        0.2626877
     135      14       5    2012        0.2200000        0.2534686
     136      15       5    2012        0.2300000        0.2611550
     137      16       5    2012        0.2300000        0.2568655
     138      17       5    2012        0.2200000        0.2490174
     139      18       5    2012        0.2200000        0.2410893
     140      19       5    2012        0.2000000        0.2337724
     141      20       5    2012        0.2000000        0.2271105
     142      21       5    2012        0.1900000        0.2210458
     143      22       5    2012        0.1700000        0.2155147
     144      23       5    2012        0.1700000        0.2104600
     145      24       5    2012        0.1500000        0.2058315
     146      25       5    2012        0.1300000        0.2015850
     147      26       5    2012        0.1300000        0.1976819
     148      27       5    2012        0.1300000        0.1940879
     149      28       5    2012        0.1300000        0.1907728
     150      29       5    2012        0.1200000        0.1877097
     151      30       5    2012        0.1200000        0.1848748
     152      31       5    2012        0.1300000        0.4112666
     153       1       6    2012        0.2200000        0.2734297
     154       2       6    2012        0.1600000        0.2101647
     155       3       6    2012        0.1600000        0.2621183
     156       4       6    2012        0.1900000        0.5143619
     157       5       6    2012        0.4600000        0.3330299
     158       6       6    2012        0.2800000        0.2751161
     159       7       6    2012        0.2300000        0.2564876
     160       8       6    2012        0.1900000        0.2460065
     161       9       6    2012        0.1600000        0.2374943
     162      10       6    2012        0.1400000        0.2299316
     163      11       6    2012        0.1400000        0.2241297
     164      12       6    2012        0.1600000        0.2203695
     165      13       6    2012        0.1700000        0.2155727
     166      14       6    2012        0.1400000        0.2103096
     167      15       6    2012        0.1500000        0.2053095
     168      16       6    2012        0.2100000        0.2599314
     169      17       6    2012        0.2000000        0.2242486
     170      18       6    2012        0.1500000        0.2126650
     171      19       6    2012        0.1400000        0.4447898
     172      20       6    2012        0.7900000        0.5986262
     173      21       6    2012        0.7600000        0.4317481
     174      22       6    2012        0.4400000        0.3699753
     175      23       6    2012        0.3300000        0.3418579
     176      24       6    2012        0.3000000        0.3413346
     177      25       6    2012        0.2900000        0.3286737
     178      26       6    2012        0.2500000        0.3125689
     179      27       6    2012        0.2200000        0.2971784
     180      28       6    2012        0.2100000        0.2833047
     181      29       6    2012        0.2000000        0.2710393
     182      30       6    2012        0.1900000        0.2621656
     183       1       7    2012        0.2200000        0.2527097
     184       2       7    2012        0.2000000        0.2446349
     185       3       7    2012        0.1900000        0.2363956
     186       4       7    2012        0.1700000        0.2287923
     187       5       7    2012        0.1700000        0.2617351
     188       6       7    2012        0.1900000        0.2335020
     189       7       7    2012        0.1700000        0.2305128
     190       8       7    2012        0.1700000        0.2249168
     191       9       7    2012        0.1500000        0.2201306
     192      10       7    2012        0.1400000        0.2145770
     193      11       7    2012        0.1500000        0.2118709
     194      12       7    2012        0.1600000        0.2143681
     195      13       7    2012        0.1900000        0.4281057
     196      14       7    2012        0.7400000        0.4398980
     197      15       7    2012        0.6700000        0.3309452
     198      16       7    2012        0.3800000        0.4862801
     199      17       7    2012        0.4700000        0.4109647
     200      18       7    2012        0.4100000        0.3915205
     201      19       7    2012        0.4100000        0.3740651
     202      20       7    2012        0.3500000        0.3533275
     203      21       7    2012        0.2900000        0.3333852
     204      22       7    2012        0.2600000        0.3154101
     205      23       7    2012        0.2400000        0.2994072
     206      24       7    2012        0.2200000        0.2851556
     207      25       7    2012        0.2000000        0.2724299
     208      26       7    2012        0.1500000        0.2610338
     209      27       7    2012        0.1400000        0.3851228
     210      28       7    2012        0.2100000        0.4308816
     211      29       7    2012        0.5700000        0.3904075
     212      30       7    2012        0.3900000        0.3476798
     213      31       7    2012        0.2600000        0.3235231
     214       1       8    2012        0.2100000        0.3057677
     215       2       8    2012        0.1800000        0.2922728
     216       3       8    2012        0.1800000        0.2811460
     217       4       8    2012        0.1800000        0.2692064
     218       5       8    2012        0.1800000        0.4395776
     219       6       8    2012        0.4100000        0.3505042
     220       7       8    2012        0.2600000        0.3085777
     221       8       8    2012        0.1800000        0.2885858
     222       9       8    2012        0.1700000        0.2745211
     223      10       8    2012        0.1700000        0.2625534
     224      11       8    2012        0.1500000        0.2519087
     225      12       8    2012        0.1500000        0.2423526
     226      13       8    2012        0.1400000        0.2337436
     227      14       8    2012        0.1400000        0.2259673
     228      15       8    2012        0.1100000        0.2197509
     229      16       8    2012        0.1400000        0.2295994
     230      17       8    2012        0.1400000        0.2190618
     231      18       8    2012        0.1200000        0.2117935
     232      19       8    2012        0.1100000        0.2058664
     233      20       8    2012        0.1100000        0.2005828
     234      21       8    2012        0.1100000        0.1957761
     235      22       8    2012        0.1100000        0.1913790
     236      23       8    2012        0.1100000        0.1915436
     237      24       8    2012        0.1600000        0.2175130
     238      25       8    2012        0.1800000        0.1951548
     239      26       8    2012        0.1900000        0.2079636
     240      27       8    2012        0.1800000        0.1911490
     241      28       8    2012        0.1700000        0.1834309
     242      29       8    2012        0.1700000        0.1792899
     243      30       8    2012        0.1700000        0.1760512
     244      31       8    2012        0.1700000        0.1763910
     245       1       9    2012        0.1800000        0.1744359
     246       2       9    2012        0.1600000        0.1718235
     247       3       9    2012        0.1500000        0.1692471
     248       4       9    2012        0.1500000        0.1668376
     249       5       9    2012        0.1500000        0.1646005
     250       6       9    2012        0.1500000        0.1625228
     251       7       9    2012        0.1500000        0.1605904
     252       8       9    2012        0.1500000        0.1587904
     253       9       9    2012        0.1500000        0.1571111
     254      10       9    2012        0.1500000        0.1555420
     255      11       9    2012        0.2200000        0.1768396
     256      12       9    2012        0.2100000        0.1606658
     257      13       9    2012        0.2300000        0.1549235
     258      14       9    2012        0.1400000        0.1527915
     259      15       9    2012        0.1400000        0.1513741
     260      16       9    2012        0.1400000        0.1501225
     261      17       9    2012        0.1400000        0.1489548
     262      18       9    2012        0.1400000        0.1478649
     263      19       9    2012        0.1400000        0.1468424
     264      20       9    2012        0.1400000        0.1458673
     265      21       9    2012        0.1400000        0.1449435
     266      22       9    2012        0.1400000        0.1440673
     267      23       9    2012        0.1400000        0.1432365
     268      24       9    2012        0.1500000        0.1425210
     269      25       9    2012        0.1400000        0.1418880
     270      26       9    2012        0.1400000        0.2067955
     271      27       9    2012        0.1700000        0.1583251
     272      28       9    2012        0.1500000        0.1447787
     273      29       9    2012        0.1400000        0.1417091
     274      30       9    2012        0.1400000        0.1406359
     275       1      10    2012        0.1300000        0.1398902
     276       2      10    2012        0.1500000        0.1392150
     277       3      10    2012        0.1600000        0.1386821
     278       4      10    2012        0.2000000        0.3632396
     279       5      10    2012        0.2200000        0.2947724
     280       6      10    2012        0.2600000        0.2436021
     281       7      10    2012        0.2200000        0.1814177
     282       8      10    2012        0.2000000        0.1646800
     283       9      10    2012        0.2100000        0.1598269
     284      10      10    2012        0.3000000        0.1572101
     285      11      10    2012        0.3100000        0.1550612
     286      12      10    2012        0.3000000        0.1589371
     287      13      10    2012        0.3400000        0.1629421
     288      14      10    2012        0.3300000        0.2355642
     289      15      10    2012        0.3400000        0.1910186
     290      16      10    2012        0.3400000        0.1731384
     291      17      10    2012        0.3100000        0.1669746
     292      18      10    2012        0.3100000        0.1635407
     293      19      10    2012        0.2900000        0.1607487
     294      20      10    2012        0.2600000        0.1582333
     295      21      10    2012        0.2300000        0.1559251
     296      22      10    2012        0.2300000        0.1537986
     297      23      10    2012        0.2300000        0.1518356
     298      24      10    2012        0.2300000        0.1500186
     299      25      10    2012        0.2300000        0.1484189
     300      26      10    2012        0.2300000        0.1468789
     301      27      10    2012        0.2300000        0.1454249
     302      28      10    2012        0.2300000        0.1440620
     303      29      10    2012        0.2200000        0.1428202
     304      30      10    2012        0.2000000        0.1418155
     305      31      10    2012        0.2000000        0.1407491
     306       1      11    2012        0.2000000        0.1416274
     307       2      11    2012        0.2000000        0.1659798
     308       3      11    2012        0.2500000        0.2337179
     309       4      11    2012        0.2700000        0.2442424
     310       5      11    2012        0.2500000        0.2249096
     311       6      11    2012        0.2100000        0.2810195
     312       7      11    2012        0.2100000        0.2303337
     313       8      11    2012        0.2100000        0.2136617
     314       9      11    2012        0.2600000        0.2021154
     315      10      11    2012        0.2800000        0.2997739
     316      11      11    2012        0.3100000        0.2446817
     317      12      11    2012        0.2900000        0.2227375
     318      13      11    2012        0.2900000        0.2120725
     319      14      11    2012        0.2600000        0.2041958
     320      15      11    2012        0.1900000        0.1973630
     321      16      11    2012        0.1800000        0.1912353
     322      17      11    2012        0.1800000        0.1857102
     323      18      11    2012        0.1800000        0.1834933
     324      19      11    2012        0.1800000        0.1795239
     325      20      11    2012        0.1900000        0.1752407
     326      21      11    2012        0.2100000        0.1712055
     327      22      11    2012        0.2100000        0.1674969
     328      23      11    2012        0.2100000        0.1664062
     329      24      11    2012        0.2100000        0.1643268
     330      25      11    2012        0.2100000        0.1614864
     331      26      11    2012        0.1900000        0.1664962
     332      27      11    2012        0.2100000        0.1704047
     333      28      11    2012        0.2200000        0.2156173
     334      29      11    2012        0.2800000        0.2695171
     335      30      11    2012        0.3300000        0.2083422
     336       1      12    2012        0.2900000        0.1905879
     337       2      12    2012        0.2800000        0.1835143
     338       3      12    2012        0.2600000        0.1784766
     339       4      12    2012        0.2600000        0.2670603
     340       5      12    2012        0.2800000        0.2136557
     341       6      12    2012        0.2500000        0.1949198
     342       7      12    2012        0.2400000        0.1871665
     343       8      12    2012        0.2300000        0.1817480
     344       9      12    2012        0.2300000        0.1770336
     345      10      12    2012        0.2300000        0.1727548
     346      11      12    2012        0.2300000        0.1688425
     347      12      12    2012        0.2200000        0.1652563
     348      13      12    2012        0.2300000        0.1619626
     349      14      12    2012        0.2200000        0.1589319
     350      15      12    2012        0.4800000        0.4387627
     351      16      12    2012        0.9800000        0.6310606
     352      17      12    2012        1.3500000        0.8060033
     353      18      12    2012        1.6900000        0.8582964
     354      19      12    2012        1.8200000        0.7809130
     355      20      12    2012        1.6200000        0.6911343
     356      21      12    2012        1.4600000        0.6185027
     357      22      12    2012        1.3000000        0.5589998
     358      23      12    2012        2.0700000        1.9994808
     359      24      12    2012        3.7400000        2.0815124
     360      25      12    2012        3.2700000        2.4792831
     361      26      12    2012        2.9300000        3.0983934
     362      27      12    2012        3.2500000        3.0086799
     363      28      12    2012        3.4100000        2.5654058
     364      29      12    2012        2.9100000        2.2305865
     365      30      12    2012        2.5100000        2.1437298
     366      31      12    2012        2.3900000        1.8751096
