      No     Day     Mon    Year  INConcob0000003  INConcsi0000003
       1       1       1    2012        4.0252094        2.6374565
       2       2       1    2012        4.1103907        2.6844206
       3       3       1    2012        4.1979542        2.7476628
       4       4       1    2012        4.2279797        2.8942158
       5       5       1    2012        4.0649819        2.9981941
       6       6       1    2012        4.6152778        3.1174330
       7       7       1    2012        4.6257095        3.1537238
       8       8       1    2012        4.5419259        3.1849109
       9       9       1    2012        4.4678383        3.2184160
      10      10       1    2012        4.3951077        3.2706068
      11      11       1    2012        4.2262888        3.2886259
      12      12       1    2012        4.0609040        3.2794812
      13      13       1    2012        3.9618514        3.3054625
      14      14       1    2012        3.8284080        3.3393899
      15      15       1    2012        3.7108705        3.3569532
      16      16       1    2012        3.6422548        3.3643848
      17      17       1    2012        3.5661376        3.3641968
      18      18       1    2012        3.4466355        3.3584633
      19      19       1    2012        3.4115078        3.3392435
      20      20       1    2012        3.5105047        3.3872063
      21      21       1    2012        3.3591540        3.3594958
      22      22       1    2012        3.2758272        3.3166841
      23      23       1    2012        3.6563845        3.3467858
      24      24       1    2012        3.9419603        3.3909451
      25      25       1    2012        4.0857196        3.4203194
      26      26       1    2012        4.0591211        3.4402837
      27      27       1    2012        3.9882574        3.4524879
      28      28       1    2012        3.8959458        3.4614488
      29      29       1    2012        3.7759333        3.4744691
      30      30       1    2012        3.6277664        3.4900980
      31      31       1    2012        3.4843056        3.4934399
      32       1       2    2012        3.3432815        3.4812395
      33       2       2    2012        3.4039996        3.4627674
      34       3       2    2012        3.2550647        3.4399599
      35       4       2    2012        3.1214104        3.4133404
      36       5       2    2012        3.0339520        3.3832266
      37       6       2    2012        2.9391124        3.3499109
      38       7       2    2012        2.8080244        3.3136838
      39       8       2    2012        2.6970417        3.2748361
      40       9       2    2012        2.6185038        3.2336580
      41      10       2    2012        2.5244231        3.1904387
      42      11       2    2012        2.4637165        3.1454643
      43      12       2    2012        2.3816695        3.0990162
      44      13       2    2012        2.3598533        3.0513694
      45      14       2    2012        2.3014076        3.0027909
      46      15       2    2012        2.3788190        2.9959548
      47      16       2    2012        2.2540364        2.9564590
      48      17       2    2012        2.0812268        3.2487744
      49      18       2    2012        2.6784618        3.2967151
      50      19       2    2012        2.7804606        3.3320508
      51      20       2    2012        2.7938726        3.3538998
      52      21       2    2012        2.6012557        3.3668637
      53      22       2    2012        2.4672945        3.3766946
      54      23       2    2012        2.4643393        3.3454976
      55      24       2    2012        2.5684609        3.3460612
      56      25       2    2012        2.5932677        3.3537055
      57      26       2    2012        2.4719417        3.3842481
      58      27       2    2012        2.4188535        3.4150770
      59      28       2    2012        2.4330742        3.4175932
      60      29       2    2012        2.5264275        3.4190159
      61       1       3    2012        2.5634046        3.3964501
      62       2       3    2012        2.5018542        3.3645673
      63       3       3    2012        2.4679697        3.3179914
      64       4       3    2012        2.4578745        3.2564667
      65       5       3    2012        2.4619076        3.1980911
      66       6       3    2012        2.3993821        3.1438361
      67       7       3    2012        2.3541226        3.2018183
      68       8       3    2012        2.3929369        3.1970940
      69       9       3    2012        2.3112590        3.1543141
      70      10       3    2012        2.1738989        3.1160525
      71      11       3    2012        2.0971384        3.0659605
      72      12       3    2012        2.0472839        2.9932291
      73      13       3    2012        1.9627624        2.9176331
      74      14       3    2012        1.9940423        2.8397744
      75      15       3    2012        1.9960799        2.7473944
      76      16       3    2012        1.9340562        2.6118927
      77      17       3    2012        1.8131785        2.4614245
      78      18       3    2012        1.7491337        2.4329429
      79      19       3    2012        1.7171311        2.3652802
      80      20       3    2012        1.5870434        2.2706663
      81      21       3    2012        1.5026387        2.1516714
      82      22       3    2012        1.4276789        2.0394412
      83      23       3    2012        1.4656774        1.9257487
      84      24       3    2012        1.4475554        1.7966249
      85      25       3    2012        1.4371247        1.6703145
      86      26       3    2012        1.1715921        1.5716601
      87      27       3    2012        0.9173043        1.4611601
      88      28       3    2012        1.1596603        1.3450432
      89      29       3    2012        1.1951929        1.3462618
      90      30       3    2012        1.1903204        1.3355792
      91      31       3    2012        1.1971713        1.3446948
      92       1       4    2012        1.1734406        1.3279817
      93       2       4    2012        1.1348608        1.2915395
      94       3       4    2012        1.1053243        1.4334218
      95       4       4    2012        1.1942772        1.4299522
      96       5       4    2012        1.2490646        1.4134788
      97       6       4    2012        1.2504963        1.4153603
      98       7       4    2012        1.1413039        1.4183967
      99       8       4    2012        1.0939496        1.4220035
     100       9       4    2012        1.1160549        1.5349031
     101      10       4    2012        1.0789431        1.4705036
     102      11       4    2012        0.9750564        1.4576054
     103      12       4    2012        0.8923122        1.4664221
     104      13       4    2012        0.8688900        1.4256211
     105      14       4    2012        0.7987955        1.3777339
     106      15       4    2012        0.7529699        1.3235775
     107      16       4    2012        0.7126977        1.2885389
     108      17       4    2012        0.7109932        1.2602335
     109      18       4    2012        0.5798931        1.2133831
     110      19       4    2012        0.6287746        1.1484488
     111      20       4    2012        0.7186846        1.0878942
     112      21       4    2012        0.7187405        1.0764917
     113      22       4    2012        0.7263749        1.1631342
     114      23       4    2012        0.7791603        1.1304939
     115      24       4    2012        0.6682138        1.0859906
     116      25       4    2012        0.5758695        1.0386557
     117      26       4    2012        0.5456560        0.9899659
     118      27       4    2012        0.5277901        0.9394123
     119      28       4    2012        0.4696091        0.8814459
     120      29       4    2012        0.4245518        0.8273354
     121      30       4    2012        0.4599620        0.7799878
     122       1       5    2012        0.4358918        0.7386032
     123       2       5    2012        0.4244855        1.0096365
     124       3       5    2012        0.9812384        0.8131560
     125       4       5    2012        1.2815577        0.7483945
     126       5       5    2012        1.4323138        1.0579016
     127       6       5    2012        0.8468606        0.9147374
     128       7       5    2012        0.9082145        0.8652050
     129       8       5    2012        0.8200817        0.8283245
     130       9       5    2012        0.6140897        0.8062323
     131      10       5    2012        0.6459020        0.7641916
     132      11       5    2012        0.6343125        0.7563129
     133      12       5    2012        0.6918826        0.7386890
     134      13       5    2012        0.4221393        0.7225515
     135      14       5    2012        0.6179605        0.7028462
     136      15       5    2012        0.6859933        0.7236235
     137      16       5    2012        0.7780089        0.7173687
     138      17       5    2012        0.5427380        0.7032601
     139      18       5    2012        0.3594171        0.6813622
     140      19       5    2012        0.4019148        0.6528529
     141      20       5    2012    -9999.0000000        0.6210886
     142      21       5    2012    -9999.0000000        0.5902552
     143      22       5    2012    -9999.0000000        0.5576576
     144      23       5    2012        0.4075540        0.5261081
     145      24       5    2012        0.4140453        0.5024111
     146      25       5    2012        0.3658942        0.4854382
     147      26       5    2012        0.3138670        0.4695108
     148      27       5    2012        0.3572551        0.4562461
     149      28       5    2012        0.4066223        0.4432392
     150      29       5    2012        0.4075519        0.4330720
     151      30       5    2012        0.5466364        0.4273945
     152      31       5    2012        0.6736195        0.9371770
     153       1       6    2012        0.8132975        0.6261914
     154       2       6    2012        0.8859196        0.4671574
     155       3       6    2012        1.4262056        0.6277989
     156       4       6    2012        1.4127260        1.0109493
     157       5       6    2012        0.1249121        0.6586671
     158       6       6    2012        0.3502356        0.5898718
     159       7       6    2012        0.6506509        0.5663205
     160       8       6    2012        0.4907355        0.5433162
     161       9       6    2012        0.6821144        0.5257714
     162      10       6    2012        0.3887289        0.5107827
     163      11       6    2012        0.3426977        0.4984906
     164      12       6    2012        0.6381326        0.4944818
     165      13       6    2012        0.6385012        0.4898374
     166      14       6    2012        0.4366002        0.4839552
     167      15       6    2012        0.4779229        0.4728236
     168      16       6    2012        0.5262432        0.6238801
     169      17       6    2012        0.6042705        0.5107098
     170      18       6    2012        0.5279151        0.4768263
     171      19       6    2012        0.6148539        0.8858097
     172      20       6    2012        0.6326787        1.0353054
     173      21       6    2012        0.9987748        0.7748948
     174      22       6    2012        0.8707160        0.7077920
     175      23       6    2012        0.6731951        0.6764177
     176      24       6    2012        0.5488644        0.6904625
     177      25       6    2012        0.4242511        0.6746816
     178      26       6    2012        0.4124907        0.6556026
     179      27       6    2012        0.2715845        0.6337048
     180      28       6    2012        0.6347993        0.6054787
     181      29       6    2012        0.5340767        0.5755462
     182      30       6    2012        0.4600792        0.5545471
     183       1       7    2012        0.4240950        0.5323801
     184       2       7    2012        0.4091014        0.5257164
     185       3       7    2012        0.4467849        0.5111368
     186       4       7    2012        0.4414972        0.4930226
     187       5       7    2012        0.4396337        0.5711528
     188       6       7    2012        0.4280286        0.5003525
     189       7       7    2012        0.4402171        0.4993743
     190       8       7    2012        0.3564763        0.4834157
     191       9       7    2012        0.3412069        0.4742669
     192      10       7    2012        0.4035856        0.4615843
     193      11       7    2012        0.5122171        0.4589836
     194      12       7    2012        0.5517824        0.4696444
     195      13       7    2012        0.5420193        0.8743494
     196      14       7    2012        0.6313291        0.8762721
     197      15       7    2012        0.6501874        0.6607538
     198      16       7    2012        0.6578304        0.9197100
     199      17       7    2012        0.6487309        0.7952018
     200      18       7    2012        0.6477928        0.7941163
     201      19       7    2012        0.6759984        0.7835523
     202      20       7    2012        0.7028134        0.7549521
     203      21       7    2012        0.6790935        0.7281195
     204      22       7    2012        0.6478266        0.7027242
     205      23       7    2012        0.6369178        0.6746752
     206      24       7    2012        0.6187587        0.6416962
     207      25       7    2012        0.6078005        0.6028318
     208      26       7    2012        0.6007498        0.5690863
     209      27       7    2012        0.5903814        0.7849633
     210      28       7    2012        0.6059475        0.8468749
     211      29       7    2012        0.5880089        0.7707474
     212      30       7    2012        0.3522382        0.7127594
     213      31       7    2012        0.5999070        0.6791485
     214       1       8    2012        0.6996287        0.6452151
     215       2       8    2012        0.6788982        0.6150408
     216       3       8    2012        0.7247393        0.6019677
     217       4       8    2012        0.6654229        0.5776771
     218       5       8    2012        0.6413369        0.8705464
     219       6       8    2012        0.6075416        0.6745459
     220       7       8    2012        0.5355011        0.6133914
     221       8       8    2012        0.5865467        0.5864403
     222       9       8    2012        0.5989296        0.5655757
     223      10       8    2012        0.6034581        0.5484310
     224      11       8    2012        0.5636339        0.5322211
     225      12       8    2012        0.5523189        0.5173401
     226      13       8    2012        0.5456573        0.5026426
     227      14       8    2012        0.5426248        0.4874008
     228      15       8    2012        0.5281146        0.4749286
     229      16       8    2012        0.6357289        0.4950766
     230      17       8    2012        0.6557524        0.4687295
     231      18       8    2012        0.5266887        0.4487532
     232      19       8    2012        0.4970208        0.4245348
     233      20       8    2012        0.5105806        0.4024316
     234      21       8    2012        0.4957003        0.3872065
     235      22       8    2012        0.4753723        0.3765933
     236      23       8    2012        0.4509724        0.3796470
     237      24       8    2012        0.5744371        0.4347906
     238      25       8    2012        0.5428124        0.3836104
     239      26       8    2012        0.5851887        0.4196628
     240      27       8    2012        0.5356326        0.3813185
     241      28       8    2012        0.4767732        0.3706083
     242      29       8    2012        0.4990863        0.3629921
     243      30       8    2012        0.5314804        0.3570967
     244      31       8    2012        0.5554151        0.3612249
     245       1       9    2012        0.5208697        0.3619326
     246       2       9    2012        0.5001789        0.3611653
     247       3       9    2012        0.4619373        0.3582312
     248       4       9    2012        0.4445688        0.3546581
     249       5       9    2012        0.4506093        0.3537196
     250       6       9    2012        0.4507317        0.3543645
     251       7       9    2012        0.4353161        0.3528098
     252       8       9    2012        0.4134997        0.3480003
     253       9       9    2012        0.4153332        0.3422885
     254      10       9    2012        0.4339844        0.3348098
     255      11       9    2012        0.4104607        0.3881143
     256      12       9    2012        0.4283384        0.3464641
     257      13       9    2012        0.4147550        0.3439188
     258      14       9    2012        0.4429504        0.3458180
     259      15       9    2012        0.4137498        0.3478627
     260      16       9    2012        0.4061444        0.3484192
     261      17       9    2012        0.3718813        0.3480872
     262      18       9    2012        0.3667591        0.3475856
     263      19       9    2012        0.3780597        0.3528651
     264      20       9    2012        0.3830194        0.3587661
     265      21       9    2012        0.3759973        0.3631180
     266      22       9    2012        0.3279295        0.3674178
     267      23       9    2012        0.3541249        0.3729732
     268      24       9    2012        0.3645194        0.3748299
     269      25       9    2012        0.3941900        0.3756986
     270      26       9    2012        0.3761146        0.6057177
     271      27       9    2012        0.4260181        0.4054651
     272      28       9    2012        0.4198631        0.3842506
     273      29       9    2012        0.3363020        0.3840830
     274      30       9    2012        0.3311157        0.3882349
     275       1      10    2012        0.3639387        0.3920104
     276       2      10    2012        0.4198905        0.3927087
     277       3      10    2012        0.3903853        0.3921113
     278       4      10    2012        0.4371703        0.9989413
     279       5      10    2012        0.5908148        0.8586505
     280       6      10    2012        0.6090857        0.7077343
     281       7      10    2012        0.5449516        0.4749524
     282       8      10    2012        0.4920050        0.4462921
     283       9      10    2012        0.4581273        0.4477245
     284      10      10    2012        0.4694361        0.4527459
     285      11      10    2012        0.4502866        0.4568237
     286      12      10    2012        0.4778345        0.4774746
     287      13      10    2012        0.4639008        0.4988240
     288      14      10    2012        0.4779894        0.7627896
     289      15      10    2012        0.4994659        0.5920851
     290      16      10    2012        0.4926939        0.5379606
     291      17      10    2012        0.4996912        0.5258676
     292      18      10    2012        0.5017056        0.5160175
     293      19      10    2012        0.5014282        0.5030881
     294      20      10    2012        0.4976068        0.4908636
     295      21      10    2012        0.5013372        0.4819288
     296      22      10    2012        0.5102082        0.4784482
     297      23      10    2012        0.5192471        0.4781020
     298      24      10    2012        0.5112433        0.4795136
     299      25      10    2012        0.4663260        0.4818396
     300      26      10    2012        0.4149336        0.4922842
     301      27      10    2012        0.3954507        0.5042675
     302      28      10    2012        0.4077423        0.5159602
     303      29      10    2012        0.4030429        0.5276046
     304      30      10    2012        0.3506940        0.5369124
     305      31      10    2012        0.3394765        0.5416672
     306       1      11    2012        0.3695651        0.5506131
     307       2      11    2012        0.3997578        0.6694868
     308       3      11    2012        0.4444543        0.9036381
     309       4      11    2012        0.6797488        0.9261033
     310       5      11    2012        0.6309141        0.8604128
     311       6      11    2012        0.6029124        1.0202013
     312       7      11    2012        0.6102384        0.8528430
     313       8      11    2012        0.5949518        0.8148729
     314       9      11    2012        0.6877267        0.7797860
     315      10      11    2012        0.7098229        1.0543568
     316      11      11    2012        0.7575064        0.9117614
     317      12      11    2012        0.7560795        0.8696413
     318      13      11    2012        0.7753592        0.8516323
     319      14      11    2012        0.7895184        0.8395786
     320      15      11    2012        0.6564181        0.8316256
     321      16      11    2012        0.6683593        0.8261861
     322      17      11    2012        0.6837709        0.8190679
     323      18      11    2012        0.7061236        0.8342761
     324      19      11    2012        0.7404009        0.8263007
     325      20      11    2012        0.7403710        0.8194676
     326      21      11    2012        0.8591693        0.8195608
     327      22      11    2012        0.7856835        0.8132081
     328      23      11    2012        0.7837930        0.8354913
     329      24      11    2012        0.8222553        0.8311073
     330      25      11    2012        0.8377306        0.8044115
     331      26      11    2012        0.7795690        0.8341732
     332      27      11    2012        0.7846380        0.8522823
     333      28      11    2012        0.8107837        1.0266022
     334      29      11    2012        0.8972213        1.2426623
     335      30      11    2012        1.0386678        1.1268877
     336       1      12    2012        1.0164027        1.1392182
     337       2      12    2012        1.0090464        1.1611248
     338       3      12    2012        1.0212474        1.1861416
     339       4      12    2012        1.0255898        1.4434079
     340       5      12    2012        1.0394906        1.3953964
     341       6      12    2012        1.0362458        1.4256794
     342       7      12    2012        1.0379027        1.4724227
     343       8      12    2012        1.0007293        1.5321838
     344       9      12    2012        1.0761206        1.5589954
     345      10      12    2012        1.0347894        1.5645727
     346      11      12    2012        1.0540899        1.5917132
     347      12      12    2012        1.0697556        1.6219564
     348      13      12    2012        1.0691321        1.6477626
     349      14      12    2012        1.0680846        1.6492329
     350      15      12    2012        1.4362200        1.9610428
     351      16      12    2012        2.2861431        2.2825656
     352      17      12    2012        3.1065977        2.5744245
     353      18      12    2012        3.7315693        2.8216260
     354      19      12    2012        3.9450905        2.9235985
     355      20      12    2012        4.1412110        2.9409941
     356      21      12    2012        4.1282525        2.9286041
     357      22      12    2012        4.1791601        2.9009593
     358      23      12    2012        3.9784095        3.0425505
     359      24      12    2012        4.6322494        3.0815165
     360      25      12    2012        4.7642059        2.9192029
     361      26      12    2012        4.6240540        2.8563982
     362      27      12    2012        4.4548674        2.8600221
     363      28      12    2012        4.6108837        2.8972959
     364      29      12    2012        4.7012033        2.9200422
     365      30      12    2012        4.5376654        2.9547917
     366      31      12    2012        4.2639422        2.9852986
